make all --print-data-base --no-builtin-variables --no-builtin-rules --question
make -C . main
# make[1]: Entering directory '/home/ylh/桌面/hello-libbpfgo/09-sock-statistic'
 
# GNU Make 4.3
# Built for x86_64-pc-linux-gnu
# Copyright (C) 1988-2020 Free Software Foundation, Inc.
# License GPLv3+: GNU GPL version 3 or later <http://gnu.org/licenses/gpl.html>
# This is free software: you are free to change and redistribute it.
# There is NO WARRANTY, to the extent permitted by law.

# Make data base, printed on Sat May 21 08:03:19 2022

# Variables

# makefile (from 'Makefile', line 2)
LIBBPF = ../libbpf
# environment
GDK_BACKEND = x11
# makefile (from 'Makefile', line 1)
OUTPUT = ./output
# environment
LC_ALL = C
# environment
GNOME_SHELL_SESSION_MODE = ubuntu
# environment
SSH_AGENT_LAUNCHER = gnome-keyring
# environment
SNAP_INSTANCE_KEY = 
# makefile (from 'Makefile', line 23)
LIBBPF_DESTDIR = $(abspath ./$(OUTPUT))
# environment
GJS_DEBUG_OUTPUT = stderr
# environment
VSCODE_IPC_HOOK_EXTHOST = /run/user/1000/vscode-ipc-d1d34aeb-4723-4c51-812a-9e58f92de2ee.sock
# environment
VSCODE_CWD = /home/ylh
# makefile (from 'Makefile', line 5)
LIBBPF_OBJ = $(abspath $(OUTPUT)/libbpf.a)
# makefile (from 'Makefile', line 8)
CLANG = clang
# makefile (from 'Makefile', line 28)
BPF_CFLAGS_STATIC = "-I$(abspath $(OUTPUT))"
# default
MAKE_COMMAND := make
# environment
QT_ACCESSIBILITY = 1
# environment
GOPATH = /home/gpo/go
# automatic
@D = $(patsubst %/,%,$(dir $@))
# environment
SNAP_INSTANCE_NAME = code
# environment
GDK_PIXBUF_MODULEDIR = /snap/code/97/usr/lib/x86_64-linux-gnu/gdk-pixbuf-2.0/2.10.0/loaders
# environment
VSCODE_HANDLES_UNCAUGHT_ERRORS = true
# default
.VARIABLES := 
# environment
PWD = /home/ylh/桌面/hello-libbpfgo/09-sock-statistic
# automatic
%D = $(patsubst %/,%,$(dir $%))
# environment
XDG_DATA_DIRS = /usr/share/ubuntu:/usr/local/share/:/usr/share/:/var/lib/snapd/desktop
# automatic
^D = $(patsubst %/,%,$(dir $^))
# environment
VSCODE_LOG_STACK = false
# automatic
%F = $(notdir $%)
# environment
VSCODE_CODE_CACHE_PATH = /home/ylh/.config/Code/CachedData/c3511e6c69bb39013c4a4b7b9566ec1ca73fc4d5
# makefile (from 'Makefile', line 18)
VMLINUXH = vmlinux.h
# environment
LANG = C
# environment
XAUTHORITY = /run/user/1000/.mutter-Xwaylandauth.YLKBM1
# default
.LOADED := 
# default
.INCLUDE_DIRS = /usr/local/include /usr/include /usr/include
# makefile (from 'Makefile', line 44)
PROGRAM = main
# makefile
MAKEFLAGS = pqrRw
# makefile
CURDIR := /home/ylh/桌面/hello-libbpfgo/09-sock-statistic
# environment
VSCODE_PIPE_LOGGING = true
# environment
APPLICATION_INSIGHTS_NO_DIAGNOSTIC_CHANNEL = 1
# environment
LESSOPEN = | /usr/bin/lesspipe %s
# automatic
*D = $(patsubst %/,%,$(dir $*))
# environment
MFLAGS = -pqrRw
# environment
SSH_AUTH_SOCK = /run/user/1000/keyring/ssh
# default
.SHELLFLAGS := -c
# environment
WAYLAND_DISPLAY = wayland-0
# environment
XDG_CONFIG_DIRS = /etc/xdg/xdg-ubuntu:/etc/xdg
# automatic
+D = $(patsubst %/,%,$(dir $+))
# makefile (from 'Makefile', line 37)
CGO_EXTLDFLAGS_DYN = '-w'
# environment
XDG_SESSION_DESKTOP = ubuntu
# makefile (from 'Makefile', line 1)
MAKEFILE_LIST := Makefile
# environment
SNAP_REEXEC = 
# automatic
@F = $(notdir $@)
# makefile (from 'Makefile', line 32)
CGO_LDFLAGS_STATIC = "-lelf -lz $(LIBBPF_OBJ)"
# environment
VSCODE_VERBOSE_LOGGING = true
# environment
VSCODE_PID = 3327
# environment
XDG_SESSION_TYPE = wayland
# automatic
?D = $(patsubst %/,%,$(dir $?))
# environment
BAMF_DESKTOP_FILE_HINT = /var/lib/snapd/desktop/applications/code_code.desktop
# environment
SESSION_MANAGER = local/ylh-virtual-machine:@/tmp/.ICE-unix/1662,unix/ylh-virtual-machine:/tmp/.ICE-unix/1662
# automatic
*F = $(notdir $*)
# makefile (from 'Makefile', line 22)
LIBBPF_OBJDIR = $(abspath ./$(OUTPUT)/libbpf)
# environment
CHROME_DESKTOP = code-url-handler.desktop
# environment
DBUS_SESSION_BUS_ADDRESS = unix:path=/run/user/1000/bus
# automatic
<D = $(patsubst %/,%,$(dir $<))
# environment
VSCODE_NLS_CONFIG = {"locale":"zh-cn","availableLanguages":{"*":"zh-cn"},"_languagePackId":"42e84e0914b17800d483f69e299e1b00.zh-cn","_translationsConfigFile":"/home/ylh/.config/Code/clp/42e84e0914b17800d483f69e299e1b00.zh-cn/tcf.json","_cacheRoot":"/home/ylh/.config/Code/clp/42e84e0914b17800d483f69e299e1b00.zh-cn","_resolvedLanguagePackCoreLocation":"/home/ylh/.config/Code/clp/42e84e0914b17800d483f69e299e1b00.zh-cn/c3511e6c69bb39013c4a4b7b9566ec1ca73fc4d5","_corruptedFile":"/home/ylh/.config/Code/clp/42e84e0914b17800d483f69e299e1b00.zh-cn/corrupted.info","_languagePackSupport":true}
# default
MAKE_HOST := x86_64-pc-linux-gnu
# environment
GNOME_DESKTOP_SESSION_ID = this-is-deprecated
# makefile
SHELL = /bin/sh
# makefile (from 'Makefile', line 36)
CGO_LDFLAGS_DYN = "-lelf -lz -lbpf"
# default
MAKECMDGOALS := main
# environment
XMODIFIERS = @im=ibus
# environment
GJS_DEBUG_TOPICS = JS ERROR;JS LOG
# environment
SHLVL = 0
# environment
MAKELEVEL := 1
# environment
IM_CONFIG_CHECK_ENV = 1
# default
MAKE = $(MAKE_COMMAND)
# environment
SNAP_COOKIE = h_ejkBr5mw19AT1UpzNc8N36AVN8LNbFNgJmtNbFPQazz3XI-uHA
# environment
PATH = /usr/local/go/bin:/usr/local/sbin:/usr/local/bin:/usr/sbin:/usr/bin:/sbin:/bin:/usr/games:/usr/local/games:/snap/bin:/snap/bin:/bin:/home/gpo/go
# default
MAKEFILES := 
# makefile (from 'Makefile', line 33)
CGO_EXTLDFLAGS_STATIC = '-w -extldflags "-static"'
# environment
LANGUAGE = zh_CN:zh
# automatic
^F = $(notdir $^)
# environment
SNAP_USER_COMMON = /home/ylh/snap/code/common
# environment
SNAP = /snap/code/97
# environment
GOROOT = /usr/local/go
# environment
INVOCATION_ID = 5d974e98716047718cd4bd9e7c16b3db
# environment
SNAP_REVISION = 97
# environment
SNAP_REAL_HOME = /home/ylh
# environment
VSCODE_LOG_NATIVE = false
# makefile (from 'Makefile', line 29)
BPF_LDFLAGS_STATIC = "-lelf -lz $(LIBBPF_OBJ)"
# environment
USERNAME = ylh
# environment
GNOME_SETUP_DISPLAY = :1
# environment
LESSCLOSE = /usr/bin/lesspipe %s %s
# automatic
?F = $(notdir $?)
# makefile (from 'Makefile', line 15)
BTFFILE = /sys/kernel/btf/vmlinux
# environment
XDG_CURRENT_DESKTOP = Unity
# environment
LS_COLORS = 
# automatic
+F = $(notdir $+)
# environment
DESKTOP_SESSION = ubuntu
# environment
ORIGINAL_XDG_CURRENT_DESKTOP = ubuntu:GNOME
# 'override' directive
GNUMAKEFLAGS := 
# environment
LOGNAME = ylh
# makefile (from 'Makefile', line 17)
GIT = $(shell which git || /bin/false)
# environment
GIO_LAUNCHED_DESKTOP_FILE = /var/lib/snapd/desktop/applications/code_code.desktop
# environment
SNAP_ARCH = amd64
# makefile (from 'Makefile', line 4)
LIBBPF_SRC = $(abspath $(LIBBPF)/src)
# makefile
.DEFAULT_GOAL := all
# environment
SYSTEMD_EXEC_PID = 1720
# makefile (from 'Makefile', line 11)
ARCH := amd64
# environment
DISPLAY = :0
# environment
USER = ylh
# environment
GTK_MODULES = gail:atk-bridge
# default
MAKE_VERSION := 4.3
# 'override' directive
.SHELLSTATUS := 0
# environment
DISABLE_WAYLAND = 1
# environment
SNAP_DATA = /var/snap/code/97
# environment
SNAP_CONTEXT = h_ejkBr5mw19AT1UpzNc8N36AVN8LNbFNgJmtNbFPQazz3XI-uHA
# makefile (from 'Makefile', line 26)
LDFLAGS = 
# environment
MANAGERPID = 1536
# environment
GIO_LAUNCHED_DESKTOP_FILE_PID = 3253
# makefile (from 'Makefile', line 12)
GOARCH := amd64
# environment
_ = /snap/code/97/usr/share/code/code
# environment
XDG_RUNTIME_DIR = /run/user/1000
# makefile (from 'Makefile', line 25)
CFLAGS = -ggdb -gdwarf -O2 -Wall -fpie -Wno-unused-variable -Wno-unused-function
# environment
GDK_PIXBUF_MODULE_FILE = /home/ylh/snap/code/common/.cache/gdk-pixbuf-loaders.cache
# environment
JOURNAL_STREAM = 8:44343
# environment
GOMODCACHE = /home/gpo/go/pkg/mod
# environment
XDG_SESSION_CLASS = user
# environment
VSCODE_AMD_ENTRYPOINT = vs/workbench/api/node/extensionHostProcess
# environment
HOME = /home/ylh
# environment
QT_IM_MODULE = ibus
# environment
ELECTRON_RUN_AS_NODE = 1
# environment
VSCODE_IPC_HOOK = /run/user/1000/vscode-642837e9-1.67.2-main.sock
# environment
 
SNAP_NAME = code
# environment
GSETTINGS_SCHEMA_DIR = /snap/code/97/usr/share/glib-2.0/schemas
# makefile (from 'Makefile', line 16)
DBGVMLINUX = /usr/lib/debug/boot/vmlinux-$(shell uname -r)
# makefile (from 'Makefile', line 14)
BPFTOOL = $(shell which bpftool || /bin/false)
# environment
IM_CONFIG_PHASE = 1
# environment
GOPROXY = https://goproxy.cn
# default
.RECIPEPREFIX := 
# automatic
<F = $(notdir $<)
# environment
SNAP_VERSION = c3511e6c
# default
SUFFIXES := 
# makefile (from 'Makefile', line 31)
CGO_CFLAGS_STATIC = "-I$(abspath $(OUTPUT))"
# makefile (from 'Makefile', line 35)
CGO_CFGLAGS_DYN = "-I. -I/usr/include/"
# environment
VSCODE_CLI = 1
# environment
ELECTRON_NO_ATTACH_CONSOLE = 1
# environment
SNAP_COMMON = /var/snap/code/common
# default
.FEATURES := target-specific order-only second-expansion else-if shortest-stem undefine oneshell nocomment grouped-target extra-prereqs archives jobserver output-sync check-symlink load
# makefile (from 'Makefile', line 7)
CC = gcc
# environment
SNAP_USER_DATA = /home/ylh/snap/code/97
# environment
XDG_MENU_PREFIX = gnome-
# environment
GDMSESSION = ubuntu
# environment
SNAP_LIBRARY_PATH = /var/lib/snapd/lib/gl:/var/lib/snapd/lib/gl32:/var/lib/snapd/void
# variable set hash-table stats:
# Load=154/1024=15%, Rehash=0, Collisions=9/228=4%

# Pattern-specific Variable Values

# No pattern-specific variable values.

# Directories

# . (device 2051, inode 822709): 12 files, no impossibilities.
# /home/ylh/桌面/hello-libbpfgo/libbpf/src (device 2051, inode 4256): 43 files, no impossibilities.

# 55 files, no impossibilities in 2 directories.

# Implicit Rules

# No implicit rules.

# Files

# Not a target:
/home/ylh/桌面/hello-libbpfgo/libbpf/src/btf.c:
#  Implicit rule search has been done.
#  Last modified 2022-05-15 19:23:57.251957057
#  File has been updated.
#  Successfully updated.

/home/ylh/桌面/hello-libbpfgo/09-sock-statistic/output/libbpf.a: /home/ylh/桌面/hello-libbpfgo/libbpf/src /home/ylh/桌面/hello-libbpfgo/libbpf/src/bpf.c /home/ylh/桌面/hello-libbpfgo/libbpf/src/bpf.h /home/ylh/桌面/hello-libbpfgo/libbpf/src/bpf_core_read.h /home/ylh/桌面/hello-libbpfgo/libbpf/src/bpf_endian.h /home/ylh/桌面/hello-libbpfgo/libbpf/src/bpf_gen_internal.h /home/ylh/桌面/hello-libbpfgo/libbpf/src/bpf_helper_defs.h /home/ylh/桌面/hello-libbpfgo/libbpf/src/bpf_helpers.h /home/ylh/桌面/hello-libbpfgo/libbpf/src/bpf_prog_linfo.c /home/ylh/桌面/hello-libbpfgo/libbpf/src/bpf_tracing.h /home/ylh/桌面/hello-libbpfgo/libbpf/src/btf.c /home/ylh/桌面/hello-libbpfgo/libbpf/src/btf.h /home/ylh/桌面/hello-libbpfgo/libbpf/src/btf_dump.c /home/ylh/桌面/hello-libbpfgo/libbpf/src/gen_loader.c /home/ylh/桌面/hello-libbpfgo/libbpf/src/hashmap.c /home/ylh/桌面/hello-libbpfgo/libbpf/src/hashmap.h /home/ylh/桌面/hello-libbpfgo/libbpf/src/libbpf.c /home/ylh/桌面/hello-libbpfgo/libbpf/src/libbpf.h /home/ylh/桌面/hello-libbpfgo/libbpf/src/libbpf_common.h /home/ylh/桌面/hello-libbpfgo/libbpf/src/libbpf_errno.c /home/ylh/桌面/hello-libbpfgo/libbpf/src/libbpf_internal.h /home/ylh/桌面/hello-libbpfgo/libbpf/src/libbpf_legacy.h /home/ylh/桌面/hello-libbpfgo/libbpf/src/libbpf_probes.c /home/ylh/桌面/hello-libbpfgo/libbpf/src/libbpf_version.h /home/ylh/桌面/hello-libbpfgo/libbpf/src/linker.c /home/ylh/桌面/hello-libbpfgo/libbpf/src/netlink.c /home/ylh/桌面/hello-libbpfgo/libbpf/src/nlattr.c /home/ylh/桌面/hello-libbpfgo/libbpf/src/nlattr.h /home/ylh/桌面/hello-libbpfgo/libbpf/src/relo_core.c /home/ylh/桌面/hello-libbpfgo/libbpf/src/relo_core.h /home/ylh/桌面/hello-libbpfgo/libbpf/src/ringbuf.c /home/ylh/桌面/hello-libbpfgo/libbpf/src/skel_internal.h /home/ylh/桌面/hello-libbpfgo/libbpf/src/str_error.c /home/ylh/桌面/hello-libbpfgo/libbpf/src/str_error.h /home/ylh/桌面/hello-libbpfgo/libbpf/src/strset.c /home/ylh/桌面/hello-libbpfgo/libbpf/src/strset.h /home/ylh/桌面/hello-libbpfgo/libbpf/src/xsk.c /home/ylh/桌面/hello-libbpfgo/libbpf/src/xsk.h | output/libbpf
#  Implicit rule search has not been done.
#  Last modified 2022-05-15 19:26:16.194867
#  File has been updated.
#  Successfully updated.
#  recipe to execute (from 'Makefile', line 78):
	CC="$(CC)" CFLAGS="$(CFLAGS)" LD_FLAGS="$(LDFLAGS)" \
	   $(MAKE) -C $(LIBBPF_SRC) \
		BUILD_STATIC_ONLY=1 \
		OBJDIR=$(LIBBPF_OBJDIR) \
		DESTDIR=$(LIBBPF_DESTDIR) \
		INCLUDEDIR= LIBDIR= UAPIDIR= prefix= libdir= install

# Not a target:
/home/ylh/桌面/hello-libbpfgo/libbpf/src/bpf_core_read.h:
#  Implicit rule search has been done.
#  Last modified 2022-05-15 19:23:57.251957057
#  File has been updated.
#  Successfully updated.

# Not a target:
/home/ylh/桌面/hello-libbpfgo/libbpf/src/str_error.h:
#  Implicit rule search has been done.
#  Last modified 2022-05-15 19:23:57.263956959
#  File has been updated.
#  Successfully updated.

# Not a target:
/home/ylh/桌面/hello-libbpfgo/libbpf/src/ringbuf.c:
#  Implicit rule search has been done.
#  Last modified 2022-05-15 19:23:57.263956959
#  File has been updated.
#  Successfully updated.

# Not a target:
/home/ylh/桌面/hello-libbpfgo/libbpf/src/bpf_helpers.h:
#  Implicit rule search has been done.
#  Last modified 2022-05-15 19:23:57.251957057
#  File has been updated.
#  Successfully updated.

# Not a target:
/home/ylh/桌面/hello-libbpfgo/libbpf/src/gen_loader.c:
#  Implicit rule search has been done.
#  Last modified 2022-05-15 19:23:57.255957024
#  File has been updated.
#  Successfully updated.

# Not a target:
Makefile:
#  Implicit rule search has been done.
#  Last modified 2022-05-15 19:14:57.590326
#  File has been updated.
#  Successfully updated.

# Not a target:
/home/ylh/桌面/hello-libbpfgo/libbpf/src/hashmap.c:
#  Implicit rule search has been done.
#  Last modified 2022-05-15 19:23:57.255957024
#  File has been updated.
#  Successfully updated.

# Not a target:
/home/ylh/桌面/hello-libbpfgo/libbpf/src/btf.h:
#  Implicit rule search has been done.
#  Last modified 2022-05-15 19:23:57.251957057
#  File has been updated.
#  Successfully updated.

# Not a target:
/home/ylh/桌面/hello-libbpfgo/libbpf/src/bpf.h:
#  Implicit rule search has been done.
#  Last modified 2022-05-15 19:23:57.251957057
#  File has been updated.
#  Successfully updated.

vmlinuxh: vmlinux.h
#  Phony target (prerequisite of .PHONY).
#  Implicit rule search has not been done.
#  File does not exist.
#  File has been updated.
#  Successfully updated.

# Not a target:
/home/ylh/桌面/hello-libbpfgo/libbpf/src/strset.h:
#  Implicit rule search has been done.
#  Last modified 2022-05-15 19:23:57.263956959
#  File has been updated.
#  Successfully updated.

# Not a target:
/home/ylh/桌面/hello-libbpfgo/libbpf/src/libbpf_probes.c:
#  Implicit rule search has been done.
#  Last modified 2022-05-15 19:23:57.259956991
#  File has been updated.
#  Successfully updated.

# Not a target:
/home/ylh/桌面/hello-libbpfgo/libbpf/src/strset.c:
#  Implicit rule search has been done.
#  Last modified 2022-05-15 19:23:57.263956959
#  File has been updated.
#  Successfully updated.

output/libbpf:
#  Implicit rule search has not been done.
#  Last modified 2022-05-15 19:26:16.134868
#  File has been updated.
#  Successfully updated.
#  recipe to execute (from 'Makefile', line 97):
	mkdir -p $(OUTPUT)/libbpf

# Not a target:
/home/ylh/桌面/hello-libbpfgo/libbpf/src/skel_internal.h:
#  Implicit rule search has been done.
#  Last modified 2022-05-15 19:23:57.263956959
#  File has been updated.
#  Successfully updated.

clean:
#  Implicit rule search has not been done.
#  Modification time never checked.
#  File has not been updated.
#  recipe to execute (from 'Makefile', line 120):
	$(MAKE) -C $(LIBBPF_SRC) clean
	rm -rf $(OUTPUT)
	rm -rf $(VMLINUXH)
	rm -rf $(PROGRAM) $(PROGRAM)-*static $(PROGRAM)-*dynamic
	rm -rf $(PROGRAM).bpf.o $(PROGRAM).o

# Not a target:
main.bpf.c:
#  Implicit rule search has been done.
#  Last modified 2022-05-20 23:42:06.892366474
#  File has been updated.
#  Successfully updated.

# Not a target:
/home/ylh/桌面/hello-libbpfgo/libbpf/src/xsk.h:
#  Implicit rule search has been done.
#  Last modified 2022-05-15 19:23:57.263956959
#  File has been updated.
#  Successfully updated.

# Not a target:
/home/ylh/桌面/hello-libbpfgo/libbpf/src/bpf_helper_defs.h:
#  Implicit rule search has been done.
#  Last modified 2022-05-15 19:23:57.251957057
#  File has been updated.
#  Successfully updated.

# Not a target:
/home/ylh/桌面/hello-libbpfgo/libbpf/src/relo_core.c:
#  Implicit rule search has been done.
#  Last modified 2022-05-15 19:23:57.263956959
#  File has been updated.
#  Successfully updated.

# Not a target:
/home/ylh/桌面/hello-libbpfgo/libbpf/src/hashmap.h:
#  Implicit rule search has been done.
#  Last modified 2022-05-15 19:23:57.255957024
#  File has been updated.
#  Successfully updated.

# Not a target:
/home/ylh/桌面/hello-libbpfgo/libbpf/src/libbpf_version.h:
#  Implicit rule search has been done.
#  Last modified 2022-05-15 19:23:57.259956991
#  File has been updated.
#  Successfully updated.

# Not a target:
/home/ylh/桌面/hello-libbpfgo/libbpf/src/nlattr.c:
#  Implicit rule search has been done.
#  Last modified 2022-05-15 19:23:57.259956991
#  File has been updated.
#  Successfully updated.

# Not a target:
/home/ylh/桌面/hello-libbpfgo/libbpf/src/str_error.c:
#  Implicit rule search has been done.
#  Last modified 2022-05-15 19:23:57.263956959
#  File has been updated.
#  Successfully updated.

/home/ylh/桌面/hello-libbpfgo/libbpf/src:
#  Implicit rule search has not been done.
#  Last modified 2022-05-15 19:23:57.263956959
#  File has been updated.
#  Successfully updated.
#  recipe to execute (from 'Makefile', line 87):
	echo "INFO: updating submodule 'libbpf'"
	$(GIT) submodule update --init --recursive

# Not a target:
/home/ylh/桌面/hello-libbpfgo/libbpf/src/xsk.c:
#  Implicit rule search has been done.
#  Last modified 2022-05-15 19:23:57.263956959
#  File has been updated.
#  Successfully updated.

# Not a target:
/home/ylh/桌面/hello-libbpfgo/libbpf/src/btf_dump.c:
#  Implicit rule search has been done.
#  Last modified 2022-05-15 19:23:57.251957057
#  File has been updated.
#  Successfully updated.

# Not a target:
 
/home/ylh/桌面/hello-libbpfgo/libbpf/src/bpf.c:
#  Implicit rule search has been done.
#  Last modified 2022-05-15 19:23:57.251957057
#  File has been updated.
#  Successfully updated.

# Not a target:
.DEFAULT:
#  Implicit rule search has not been done.
#  Modification time never checked.
#  File has not been updated.

# Not a target:
/home/ylh/桌面/hello-libbpfgo/libbpf/src/bpf_endian.h:
#  Implicit rule search has been done.
#  Last modified 2022-05-15 19:23:57.251957057
#  File has been updated.
#  Successfully updated.

output:
#  Implicit rule search has not been done.
#  Last modified 2022-05-15 19:26:16.186867
#  File has been updated.
#  Successfully updated.
#  recipe to execute (from 'Makefile', line 94):
	mkdir -p $(OUTPUT)

all:
#  Implicit rule search has not been done.
#  Modification time never checked.
#  File has not been updated.
#  recipe to execute (from 'Makefile', line 47):
	$(MAKE) -C . $(PROGRAM)

# Not a target:
/home/ylh/桌面/hello-libbpfgo/libbpf/src/linker.c:
#  Implicit rule search has been done.
#  Last modified 2022-05-15 19:23:57.259956991
#  File has been updated.
#  Successfully updated.

# Not a target:
/home/ylh/桌面/hello-libbpfgo/libbpf/src/libbpf.h:
#  Implicit rule search has been done.
#  Last modified 2022-05-15 19:23:57.259956991
#  File has been updated.
#  Successfully updated.

main: libbpf | main.bpf.o
#  Phony target (prerequisite of .PHONY).
#  Command line target.
#  Implicit rule search has not been done.
#  File does not exist.
#  File has been updated.
#  Needs to be updated (-q is set).
# variable set hash-table stats:
# Load=0/32=0%, Rehash=0, Collisions=0/6=0%
#  recipe to execute (from 'Makefile', line 109):
	CC=$(CLANG) \
		CGO_CFLAGS=$(CGO_CFLAGS_STATIC) \
		CGO_LDFLAGS=$(CGO_LDFLAGS_STATIC) \
                GOARCH=$(GOARCH) \
                go build \
                -tags netgo -ldflags $(CGO_EXTLDFLAGS_STATIC) \
                -o $(PROGRAM) ./$(PROGRAM).go

# Not a target:
/home/ylh/桌面/hello-libbpfgo/libbpf/src/libbpf_legacy.h:
#  Implicit rule search has been done.
#  Last modified 2022-05-15 19:23:57.259956991
#  File has been updated.
#  Successfully updated.

# Not a target:
/home/ylh/桌面/hello-libbpfgo/libbpf/src/libbpf.c:
#  Implicit rule search has been done.
#  Last modified 2022-05-15 19:23:57.259956991
#  File has been updated.
#  Successfully updated.

vmlinux.h: output
#  Implicit rule search has not been done.
#  Last modified 2022-05-15 19:26:16.786863
#  File has been updated.
#  Successfully updated.
#  recipe to execute (from 'Makefile', line 59):
	@if [ -f $(DBGVMLINUX) ]; then \
		echo "INFO: found dbg kernel, generating $(VMLINUXH) from $(DBGVMLINUX)"; \
		$(BPFTOOL) btf dump file $(DBGVMLINUX) format c > $(VMLINUXH); \
	fi
	@if [ ! -f $(BTFFILE) ] && [ ! -f $(DBGVMLINUX) ]; then \
		echo "ERROR: kernel does not seem to support BTF"; \
		exit 1; \
	fi
	@if [ ! -f $(VMLINUXH) ]; then \
		echo "INFO: generating $(VMLINUXH) from $(BTFFILE)"; \
		$(BPFTOOL) btf dump file $(BTFFILE) format c > $(VMLINUXH); \
	fi

# Not a target:
/home/ylh/桌面/hello-libbpfgo/libbpf/src/bpf_tracing.h:
#  Implicit rule search has been done.
#  Last modified 2022-05-15 19:23:57.251957057
#  File has been updated.
#  Successfully updated.

# Not a target:
/home/ylh/桌面/hello-libbpfgo/libbpf/src/nlattr.h:
#  Implicit rule search has been done.
#  Last modified 2022-05-15 19:23:57.263956959
#  File has been updated.
#  Successfully updated.

# Not a target:
/home/ylh/桌面/hello-libbpfgo/libbpf/src/netlink.c:
#  Implicit rule search has been done.
#  Last modified 2022-05-15 19:23:57.259956991
#  File has been updated.
#  Successfully updated.

# Not a target:
/home/ylh/桌面/hello-libbpfgo/libbpf/src/relo_core.h:
#  Implicit rule search has been done.
#  Last modified 2022-05-15 19:23:57.263956959
#  File has been updated.
#  Successfully updated.

libbpf: /home/ylh/桌面/hello-libbpfgo/09-sock-statistic/output/libbpf.a
#  Phony target (prerequisite of .PHONY).
#  Implicit rule search has not been done.
#  File does not exist.
#  File has been updated.
#  Successfully updated.

# Not a target:
/home/ylh/桌面/hello-libbpfgo/libbpf/src/bpf_prog_linfo.c:
#  Implicit rule search has been done.
#  Last modified 2022-05-15 19:23:57.251957057
#  File has been updated.
#  Successfully updated.

# Not a target:
/home/ylh/桌面/hello-libbpfgo/libbpf/src/libbpf_errno.c:
#  Implicit rule search has been done.
#  Last modified 2022-05-15 19:23:57.259956991
#  File has been updated.
#  Successfully updated.

.bpf.c:
#  Phony target (prerequisite of .PHONY).
#  Implicit rule search has not been done.
#  File does not exist.
#  File has not been updated.

# Not a target:
/home/ylh/桌面/hello-libbpfgo/libbpf/src/libbpf_common.h:
#  Implicit rule search has been done.
#  Last modified 2022-05-15 19:23:57.259956991
#  File has been updated.
#  Successfully updated.

# Not a target:
/home/ylh/桌面/hello-libbpfgo/libbpf/src/libbpf_internal.h:
#  Implicit rule search has been done.
#  Last modified 2022-05-15 19:23:57.259956991
#  File has been updated.
#  Successfully updated.

# Not a target:
/home/ylh/桌面/hello-libbpfgo/libbpf/src/bpf_gen_internal.h:
#  Implicit rule search has been done.
#  Last modified 2022-05-15 19:23:57.251957057
#  File has been updated.
#  Successfully updated.

# Not a target:
.SUFFIXES:
#  Implicit rule search has not been done.
#  Modification time never checked.
#  File has not been updated.

.PHONY: .bpf.c vmlinuxh libbpf main
#  Implicit rule search has not been done.
#  Modification time never checked.
#  File has not been updated.

main.bpf.o: main.bpf.c | vmlinuxh
#  Implicit rule search has not been done.
#  Implicit/static pattern stem: ''
#  Last modified 2022-05-20 23:41:30.77723898
#  File has been updated.
#  Needs to be updated (-q is set).
# automatic
# @ := main.bpf.o
# automatic
# * := 
# automatic
# < := main.bpf.c
# automatic
# + := main.bpf.c
# automatic
# % := 
# automatic
# ^ := main.bpf.c
# automatic
# ? := main.bpf.c
# automatic
# | := vmlinuxh
# variable set hash-table stats:
# Load=8/32=25%, Rehash=0, Collisions=2/16=12%
#  recipe to execute (from 'Makefile', line 102):
	$(CLANG) $(CFLAGS) -target bpf -D__TARGET_ARCH_x86 -I. -I$(OUTPUT) -c $< -o $@

# files hash-table stats:
# Load=54/1024=5%, Rehash=0, Collisions=4/127=3%
# VPATH Search Paths

# No 'vpath' search paths.

# No general ('VPATH' variable) search path.

# strcache buffers: 1 (0) / strings = 102 / storage = 2811 B / avg = 27 B
# current buf: size = 8162 B / used = 2811 B / count = 102 / avg = 27 B

# strcache performance: lookups = 149 / hit rate = 31%
# hash-table stats:
# Load=102/8192=1%, Rehash=0, Collisions=2/149=1%
# Finished Make data base on Sat May 21 08:03:20 2022

# make[1]: Leaving directory '/home/ylh/桌面/hello-libbpfgo/09-sock-statistic'
# GNU Make 4.3
# Built for x86_64-pc-linux-gnu
# Copyright (C) 1988-2020 Free Software Foundation, Inc.
# License GPLv3+: GNU GPL version 3 or later <http://gnu.org/licenses/gpl.html>
# This is free software: you are free to change and redistribute it.
# There is NO WARRANTY, to the extent permitted by law.

# Make data base, printed on Sat May 21 08:03:20 2022

# Variables

# makefile (from 'Makefile', line 2)
LIBBPF = ../libbpf
# environment
GDK_BACKEND = x11
# makefile (from 'Makefile', line 1)
OUTPUT = ./output
# environment
LC_ALL = C
# environment
GNOME_SHELL_SESSION_MODE = ubuntu
# environment
SSH_AGENT_LAUNCHER = gnome-keyring
# environment
SNAP_INSTANCE_KEY = 
# makefile (from 'Makefile', line 23)
LIBBPF_DESTDIR = $(abspath ./$(OUTPUT))
# environment
GJS_DEBUG_OUTPUT = stderr
# environment
VSCODE_IPC_HOOK_EXTHOST = /run/user/1000/vscode-ipc-d1d34aeb-4723-4c51-812a-9e58f92de2ee.sock
# environment
VSCODE_CWD = /home/ylh
# makefile (from 'Makefile', line 5)
LIBBPF_OBJ = $(abspath $(OUTPUT)/libbpf.a)
# makefile (from 'Makefile', line 8)
CLANG = clang
# makefile (from 'Makefile', line 28)
BPF_CFLAGS_STATIC = "-I$(abspath $(OUTPUT))"
# default
MAKE_COMMAND := make
# environment
QT_ACCESSIBILITY = 1
# environment
GOPATH = /home/gpo/go
# automatic
@D = $(patsubst %/,%,$(dir $@))
# environment
SNAP_INSTANCE_NAME = code
# environment
GDK_PIXBUF_MODULEDIR = /snap/code/97/usr/lib/x86_64-linux-gnu/gdk-pixbuf-2.0/2.10.0/loaders
# environment
VSCODE_HANDLES_UNCAUGHT_ERRORS = true
# default
.VARIABLES := 
# environment
PWD = /home/ylh/桌面/hello-libbpfgo/09-sock-statistic
# automatic
%D = $(patsubst %/,%,$(dir $%))
# environment
XDG_DATA_DIRS = /usr/share/ubuntu:/usr/local/share/:/usr/share/:/var/lib/snapd/desktop
 
# automatic
^D = $(patsubst %/,%,$(dir $^))
# environment
VSCODE_LOG_STACK = false
# automatic
%F = $(notdir $%)
# environment
VSCODE_CODE_CACHE_PATH = /home/ylh/.config/Code/CachedData/c3511e6c69bb39013c4a4b7b9566ec1ca73fc4d5
# makefile (from 'Makefile', line 18)
VMLINUXH = vmlinux.h
# environment
LANG = C
# environment
XAUTHORITY = /run/user/1000/.mutter-Xwaylandauth.YLKBM1
# default
.LOADED := 
# default
.INCLUDE_DIRS = /usr/local/include /usr/include /usr/include
# makefile (from 'Makefile', line 44)
PROGRAM = main
# makefile
MAKEFLAGS = pqrR
# makefile
CURDIR := /home/ylh/桌面/hello-libbpfgo/09-sock-statistic
# environment
VSCODE_PIPE_LOGGING = true
# environment
APPLICATION_INSIGHTS_NO_DIAGNOSTIC_CHANNEL = 1
# environment
LESSOPEN = | /usr/bin/lesspipe %s
# automatic
*D = $(patsubst %/,%,$(dir $*))
# environment
MFLAGS = -pqrR
# environment
SSH_AUTH_SOCK = /run/user/1000/keyring/ssh
# default
.SHELLFLAGS := -c
# environment
WAYLAND_DISPLAY = wayland-0
# environment
XDG_CONFIG_DIRS = /etc/xdg/xdg-ubuntu:/etc/xdg
# automatic
+D = $(patsubst %/,%,$(dir $+))
# makefile (from 'Makefile', line 37)
CGO_EXTLDFLAGS_DYN = '-w'
# environment
XDG_SESSION_DESKTOP = ubuntu
# makefile (from 'Makefile', line 1)
MAKEFILE_LIST := Makefile
# environment
SNAP_REEXEC = 
# automatic
@F = $(notdir $@)
# makefile (from 'Makefile', line 32)
CGO_LDFLAGS_STATIC = "-lelf -lz $(LIBBPF_OBJ)"
# environment
VSCODE_VERBOSE_LOGGING = true
# environment
VSCODE_PID = 3327
# environment
XDG_SESSION_TYPE = wayland
# automatic
?D = $(patsubst %/,%,$(dir $?))
# environment
BAMF_DESKTOP_FILE_HINT = /var/lib/snapd/desktop/applications/code_code.desktop
# environment
SESSION_MANAGER = local/ylh-virtual-machine:@/tmp/.ICE-unix/1662,unix/ylh-virtual-machine:/tmp/.ICE-unix/1662
# automatic
*F = $(notdir $*)
# makefile (from 'Makefile', line 22)
LIBBPF_OBJDIR = $(abspath ./$(OUTPUT)/libbpf)
# environment
CHROME_DESKTOP = code-url-handler.desktop
# environment
DBUS_SESSION_BUS_ADDRESS = unix:path=/run/user/1000/bus
# automatic
<D = $(patsubst %/,%,$(dir $<))
# environment
VSCODE_NLS_CONFIG = {"locale":"zh-cn","availableLanguages":{"*":"zh-cn"},"_languagePackId":"42e84e0914b17800d483f69e299e1b00.zh-cn","_translationsConfigFile":"/home/ylh/.config/Code/clp/42e84e0914b17800d483f69e299e1b00.zh-cn/tcf.json","_cacheRoot":"/home/ylh/.config/Code/clp/42e84e0914b17800d483f69e299e1b00.zh-cn","_resolvedLanguagePackCoreLocation":"/home/ylh/.config/Code/clp/42e84e0914b17800d483f69e299e1b00.zh-cn/c3511e6c69bb39013c4a4b7b9566ec1ca73fc4d5","_corruptedFile":"/home/ylh/.config/Code/clp/42e84e0914b17800d483f69e299e1b00.zh-cn/corrupted.info","_languagePackSupport":true}
# default
MAKE_HOST := x86_64-pc-linux-gnu
# environment
GNOME_DESKTOP_SESSION_ID = this-is-deprecated
# makefile
SHELL = /bin/sh
# makefile (from 'Makefile', line 36)
CGO_LDFLAGS_DYN = "-lelf -lz -lbpf"
# default
MAKECMDGOALS := all
# environment
XMODIFIERS = @im=ibus
# environment
GJS_DEBUG_TOPICS = JS ERROR;JS LOG
# environment
SHLVL = 0
# environment
MAKELEVEL := 0
# environment
IM_CONFIG_CHECK_ENV = 1
# default
MAKE = $(MAKE_COMMAND)
# environment
SNAP_COOKIE = h_ejkBr5mw19AT1UpzNc8N36AVN8LNbFNgJmtNbFPQazz3XI-uHA
# environment
PATH = /usr/local/go/bin:/usr/local/sbin:/usr/local/bin:/usr/sbin:/usr/bin:/sbin:/bin:/usr/games:/usr/local/games:/snap/bin:/snap/bin:/bin:/home/gpo/go
# default
MAKEFILES := 
# makefile (from 'Makefile', line 33)
CGO_EXTLDFLAGS_STATIC = '-w -extldflags "-static"'
# environment
LANGUAGE = zh_CN:zh
# automatic
^F = $(notdir $^)
# environment
SNAP_USER_COMMON = /home/ylh/snap/code/common
# environment
SNAP = /snap/code/97
# environment
GOROOT = /usr/local/go
# environment
INVOCATION_ID = 5d974e98716047718cd4bd9e7c16b3db
# environment
SNAP_REVISION = 97
# environment
SNAP_REAL_HOME = /home/ylh
# environment
VSCODE_LOG_NATIVE = false
# makefile (from 'Makefile', line 29)
BPF_LDFLAGS_STATIC = "-lelf -lz $(LIBBPF_OBJ)"
# environment
USERNAME = ylh
# environment
GNOME_SETUP_DISPLAY = :1
# environment
LESSCLOSE = /usr/bin/lesspipe %s %s
# automatic
?F = $(notdir $?)
# makefile (from 'Makefile', line 15)
BTFFILE = /sys/kernel/btf/vmlinux
# environment
XDG_CURRENT_DESKTOP = Unity
# environment
LS_COLORS = 
# automatic
+F = $(notdir $+)
# environment
DESKTOP_SESSION = ubuntu
# environment
ORIGINAL_XDG_CURRENT_DESKTOP = ubuntu:GNOME
# 'override' directive
GNUMAKEFLAGS := 
# environment
LOGNAME = ylh
# makefile (from 'Makefile', line 17)
GIT = $(shell which git || /bin/false)
# environment
GIO_LAUNCHED_DESKTOP_FILE = /var/lib/snapd/desktop/applications/code_code.desktop
# environment
SNAP_ARCH = amd64
# makefile (from 'Makefile', line 4)
LIBBPF_SRC = $(abspath $(LIBBPF)/src)
# makefile
.DEFAULT_GOAL := all
# environment
SYSTEMD_EXEC_PID = 1720
# makefile (from 'Makefile', line 11)
ARCH := amd64
# environment
DISPLAY = :0
# environment
USER = ylh
# environment
GTK_MODULES = gail:atk-bridge
# default
MAKE_VERSION := 4.3
# 'override' directive
.SHELLSTATUS := 0
# environment
DISABLE_WAYLAND = 1
# environment
SNAP_DATA = /var/snap/code/97
# environment
SNAP_CONTEXT = h_ejkBr5mw19AT1UpzNc8N36AVN8LNbFNgJmtNbFPQazz3XI-uHA
# makefile (from 'Makefile', line 26)
LDFLAGS = 
# environment
MANAGERPID = 1536
# environment
GIO_LAUNCHED_DESKTOP_FILE_PID = 3253
# makefile (from 'Makefile', line 12)
GOARCH := amd64
# environment
_ = /snap/code/97/usr/share/code/code
# environment
XDG_RUNTIME_DIR = /run/user/1000
# makefile (from 'Makefile', line 25)
CFLAGS = -ggdb -gdwarf -O2 -Wall -fpie -Wno-unused-variable -Wno-unused-function
# environment
GDK_PIXBUF_MODULE_FILE = /home/ylh/snap/code/common/.cache/gdk-pixbuf-loaders.cache
# environment
JOURNAL_STREAM = 8:44343
# environment
GOMODCACHE = /home/gpo/go/pkg/mod
# environment
XDG_SESSION_CLASS = user
# environment
VSCODE_AMD_ENTRYPOINT = vs/workbench/api/node/extensionHostProcess
# environment
HOME = /home/ylh
# environment
QT_IM_MODULE = ibus
# environment
ELECTRON_RUN_AS_NODE = 1
# environment
VSCODE_IPC_HOOK = /run/user/1000/vscode-642837e9-1.67.2-main.sock
# environment
SNAP_NAME = code
# environment
GSETTINGS_SCHEMA_DIR = /snap/code/97/usr/share/glib-2.0/schemas
# makefile (from 'Makefile', line 16)
DBGVMLINUX = /usr/lib/debug/boot/vmlinux-$(shell uname -r)
# makefile (from 'Makefile', line 14)
BPFTOOL = $(shell which bpftool || /bin/false)
# environment
IM_CONFIG_PHASE = 1
# environment
GOPROXY = https://goproxy.cn
# default
.RECIPEPREFIX := 
# automatic
<F = $(notdir $<)
# environment
SNAP_VERSION = c3511e6c
# default
SUFFIXES := 
# makefile (from 'Makefile', line 31)
CGO_CFLAGS_STATIC = "-I$(abspath $(OUTPUT))"
# makefile (from 'Makefile', line 35)
CGO_CFGLAGS_DYN = "-I. -I/usr/include/"
# environment
VSCODE_CLI = 1
# environment
ELECTRON_NO_ATTACH_CONSOLE = 1
# environment
SNAP_COMMON = /var/snap/code/common
# default
.FEATURES := target-specific order-only second-expansion else-if shortest-stem undefine oneshell nocomment grouped-target extra-prereqs archives jobserver output-sync check-symlink load
# makefile (from 'Makefile', line 7)
CC = gcc
# environment
SNAP_USER_DATA = /home/ylh/snap/code/97
# environment
XDG_MENU_PREFIX = gnome-
# environment
GDMSESSION = ubuntu
# environment
SNAP_LIBRARY_PATH = /var/lib/snapd/lib/gl:/var/lib/snapd/lib/gl32:/var/lib/snapd/void
# variable set hash-table stats:
# Load=154/1024=15%, Rehash=0, Collisions=9/225=4%

# Pattern-specific Variable Values

# No pattern-specific variable values.

# Directories

# . (device 2051, inode 822709): 12 files, no impossibilities.
# /home/ylh/桌面/hello-libbpfgo/libbpf/src (device 2051, inode 4256): 43 files, no impossibilities.

# 55 files, no impossibilities in 2 directories.

# Implicit Rules

# No implicit rules.

# Files

 
# Not a target:
/home/ylh/桌面/hello-libbpfgo/libbpf/src/btf.c:
#  Implicit rule search has not been done.
#  Modification time never checked.
#  File has not been updated.

/home/ylh/桌面/hello-libbpfgo/09-sock-statistic/output/libbpf.a: /home/ylh/桌面/hello-libbpfgo/libbpf/src /home/ylh/桌面/hello-libbpfgo/libbpf/src/bpf.c /home/ylh/桌面/hello-libbpfgo/libbpf/src/bpf.h /home/ylh/桌面/hello-libbpfgo/libbpf/src/bpf_core_read.h /home/ylh/桌面/hello-libbpfgo/libbpf/src/bpf_endian.h /home/ylh/桌面/hello-libbpfgo/libbpf/src/bpf_gen_internal.h /home/ylh/桌面/hello-libbpfgo/libbpf/src/bpf_helper_defs.h /home/ylh/桌面/hello-libbpfgo/libbpf/src/bpf_helpers.h /home/ylh/桌面/hello-libbpfgo/libbpf/src/bpf_prog_linfo.c /home/ylh/桌面/hello-libbpfgo/libbpf/src/bpf_tracing.h /home/ylh/桌面/hello-libbpfgo/libbpf/src/btf.c /home/ylh/桌面/hello-libbpfgo/libbpf/src/btf.h /home/ylh/桌面/hello-libbpfgo/libbpf/src/btf_dump.c /home/ylh/桌面/hello-libbpfgo/libbpf/src/gen_loader.c /home/ylh/桌面/hello-libbpfgo/libbpf/src/hashmap.c /home/ylh/桌面/hello-libbpfgo/libbpf/src/hashmap.h /home/ylh/桌面/hello-libbpfgo/libbpf/src/libbpf.c /home/ylh/桌面/hello-libbpfgo/libbpf/src/libbpf.h /home/ylh/桌面/hello-libbpfgo/libbpf/src/libbpf_common.h /home/ylh/桌面/hello-libbpfgo/libbpf/src/libbpf_errno.c /home/ylh/桌面/hello-libbpfgo/libbpf/src/libbpf_internal.h /home/ylh/桌面/hello-libbpfgo/libbpf/src/libbpf_legacy.h /home/ylh/桌面/hello-libbpfgo/libbpf/src/libbpf_probes.c /home/ylh/桌面/hello-libbpfgo/libbpf/src/libbpf_version.h /home/ylh/桌面/hello-libbpfgo/libbpf/src/linker.c /home/ylh/桌面/hello-libbpfgo/libbpf/src/netlink.c /home/ylh/桌面/hello-libbpfgo/libbpf/src/nlattr.c /home/ylh/桌面/hello-libbpfgo/libbpf/src/nlattr.h /home/ylh/桌面/hello-libbpfgo/libbpf/src/relo_core.c /home/ylh/桌面/hello-libbpfgo/libbpf/src/relo_core.h /home/ylh/桌面/hello-libbpfgo/libbpf/src/ringbuf.c /home/ylh/桌面/hello-libbpfgo/libbpf/src/skel_internal.h /home/ylh/桌面/hello-libbpfgo/libbpf/src/str_error.c /home/ylh/桌面/hello-libbpfgo/libbpf/src/str_error.h /home/ylh/桌面/hello-libbpfgo/libbpf/src/strset.c /home/ylh/桌面/hello-libbpfgo/libbpf/src/strset.h /home/ylh/桌面/hello-libbpfgo/libbpf/src/xsk.c /home/ylh/桌面/hello-libbpfgo/libbpf/src/xsk.h | output/libbpf
#  Implicit rule search has not been done.
#  Modification time never checked.
#  File has not been updated.
#  recipe to execute (from 'Makefile', line 78):
	CC="$(CC)" CFLAGS="$(CFLAGS)" LD_FLAGS="$(LDFLAGS)" \
	   $(MAKE) -C $(LIBBPF_SRC) \
		BUILD_STATIC_ONLY=1 \
		OBJDIR=$(LIBBPF_OBJDIR) \
		DESTDIR=$(LIBBPF_DESTDIR) \
		INCLUDEDIR= LIBDIR= UAPIDIR= prefix= libdir= install

# Not a target:
/home/ylh/桌面/hello-libbpfgo/libbpf/src/bpf_core_read.h:
#  Implicit rule search has not been done.
#  Modification time never checked.
#  File has not been updated.

# Not a target:
/home/ylh/桌面/hello-libbpfgo/libbpf/src/str_error.h:
#  Implicit rule search has not been done.
#  Modification time never checked.
#  File has not been updated.

# Not a target:
/home/ylh/桌面/hello-libbpfgo/libbpf/src/ringbuf.c:
#  Implicit rule search has not been done.
#  Modification time never checked.
#  File has not been updated.

# Not a target:
/home/ylh/桌面/hello-libbpfgo/libbpf/src/bpf_helpers.h:
#  Implicit rule search has not been done.
#  Modification time never checked.
#  File has not been updated.

# Not a target:
/home/ylh/桌面/hello-libbpfgo/libbpf/src/gen_loader.c:
#  Implicit rule search has not been done.
#  Modification time never checked.
#  File has not been updated.

# Not a target:
Makefile:
#  Implicit rule search has been done.
#  Last modified 2022-05-15 19:14:57.590326
#  File has been updated.
#  Successfully updated.

# Not a target:
/home/ylh/桌面/hello-libbpfgo/libbpf/src/hashmap.c:
#  Implicit rule search has not been done.
#  Modification time never checked.
#  File has not been updated.

# Not a target:
/home/ylh/桌面/hello-libbpfgo/libbpf/src/btf.h:
#  Implicit rule search has not been done.
#  Modification time never checked.
#  File has not been updated.

# Not a target:
/home/ylh/桌面/hello-libbpfgo/libbpf/src/bpf.h:
#  Implicit rule search has not been done.
#  Modification time never checked.
#  File has not been updated.

vmlinuxh: vmlinux.h
#  Phony target (prerequisite of .PHONY).
#  Implicit rule search has not been done.
#  File does not exist.
#  File has not been updated.

# Not a target:
/home/ylh/桌面/hello-libbpfgo/libbpf/src/strset.h:
#  Implicit rule search has not been done.
#  Modification time never checked.
#  File has not been updated.

# Not a target:
/home/ylh/桌面/hello-libbpfgo/libbpf/src/libbpf_probes.c:
#  Implicit rule search has not been done.
#  Modification time never checked.
#  File has not been updated.

# Not a target:
/home/ylh/桌面/hello-libbpfgo/libbpf/src/strset.c:
#  Implicit rule search has not been done.
#  Modification time never checked.
#  File has not been updated.

output/libbpf:
#  Implicit rule search has not been done.
#  Modification time never checked.
#  File has not been updated.
#  recipe to execute (from 'Makefile', line 97):
	mkdir -p $(OUTPUT)/libbpf

# Not a target:
/home/ylh/桌面/hello-libbpfgo/libbpf/src/skel_internal.h:
#  Implicit rule search has not been done.
#  Modification time never checked.
#  File has not been updated.

clean:
#  Implicit rule search has not been done.
#  Modification time never checked.
#  File has not been updated.
#  recipe to execute (from 'Makefile', line 120):
	$(MAKE) -C $(LIBBPF_SRC) clean
	rm -rf $(OUTPUT)
	rm -rf $(VMLINUXH)
	rm -rf $(PROGRAM) $(PROGRAM)-*static $(PROGRAM)-*dynamic
	rm -rf $(PROGRAM).bpf.o $(PROGRAM).o

# Not a target:
main.bpf.c:
#  Implicit rule search has not been done.
#  Modification time never checked.
#  File has not been updated.

# Not a target:
/home/ylh/桌面/hello-libbpfgo/libbpf/src/xsk.h:
#  Implicit rule search has not been done.
#  Modification time never checked.
#  File has not been updated.

# Not a target:
/home/ylh/桌面/hello-libbpfgo/libbpf/src/bpf_helper_defs.h:
#  Implicit rule search has not been done.
#  Modification time never checked.
#  File has not been updated.

# Not a target:
/home/ylh/桌面/hello-libbpfgo/libbpf/src/relo_core.c:
#  Implicit rule search has not been done.
#  Modification time never checked.
#  File has not been updated.

# Not a target:
/home/ylh/桌面/hello-libbpfgo/libbpf/src/hashmap.h:
#  Implicit rule search has not been done.
#  Modification time never checked.
#  File has not been updated.

# Not a target:
/home/ylh/桌面/hello-libbpfgo/libbpf/src/libbpf_version.h:
#  Implicit rule search has not been done.
#  Modification time never checked.
#  File has not been updated.

# Not a target:
/home/ylh/桌面/hello-libbpfgo/libbpf/src/nlattr.c:
#  Implicit rule search has not been done.
#  Modification time never checked.
#  File has not been updated.

# Not a target:
/home/ylh/桌面/hello-libbpfgo/libbpf/src/str_error.c:
#  Implicit rule search has not been done.
#  Modification time never checked.
#  File has not been updated.

/home/ylh/桌面/hello-libbpfgo/libbpf/src:
#  Implicit rule search has not been done.
#  Modification time never checked.
#  File has not been updated.
#  recipe to execute (from 'Makefile', line 87):
	echo "INFO: updating submodule 'libbpf'"
	$(GIT) submodule update --init --recursive

# Not a target:
/home/ylh/桌面/hello-libbpfgo/libbpf/src/xsk.c:
#  Implicit rule search has not been done.
#  Modification time never checked.
#  File has not been updated.

# Not a target:
/home/ylh/桌面/hello-libbpfgo/libbpf/src/btf_dump.c:
#  Implicit rule search has not been done.
#  Modification time never checked.
#  File has not been updated.

# Not a target:
/home/ylh/桌面/hello-libbpfgo/libbpf/src/bpf.c:
#  Implicit rule search has not been done.
#  Modification time never checked.
#  File has not been updated.

# Not a target:
.DEFAULT:
#  Implicit rule search has not been done.
#  Modification time never checked.
#  File has not been updated.

# Not a target:
/home/ylh/桌面/hello-libbpfgo/libbpf/src/bpf_endian.h:
#  Implicit rule search has not been done.
#  Modification time never checked.
#  File has not been updated.

output:
#  Implicit rule search has not been done.
#  Modification time never checked.
#  File has not been updated.
#  recipe to execute (from 'Makefile', line 94):
	mkdir -p $(OUTPUT)

all:
#  Command line target.
#  Implicit rule search has not been done.
#  Implicit/static pattern stem: ''
#  Modification time never checked.
#  File has been updated.
#  Needs to be updated (-q is set).
# automatic
# @ := all
# automatic
# * := 
# automatic
# < := 
# automatic
# + := 
# automatic
# % := 
# automatic
# ^ := 
# automatic
# ? := 
# automatic
# | := 
# variable set hash-table stats:
# Load=8/32=25%, Rehash=0, Collisions=2/14=14%
#  recipe to execute (from 'Makefile', line 47):
	$(MAKE) -C . $(PROGRAM)

# Not a target:
/home/ylh/桌面/hello-libbpfgo/libbpf/src/linker.c:
#  Implicit rule search has not been done.
#  Modification time never checked.
#  File has not been updated.

# Not a target:
/home/ylh/桌面/hello-libbpfgo/libbpf/src/libbpf.h:
#  Implicit rule search has not been done.
#  Modification time never checked.
#  File has not been updated.

main: libbpf | main.bpf.o
#  Phony target (prerequisite of .PHONY).
#  Implicit rule search has not been done.
#  File does not exist.
#  File has not been updated.
#  recipe to execute (from 'Makefile', line 109):
	CC=$(CLANG) \
		CGO_CFLAGS=$(CGO_CFLAGS_STATIC) \
		CGO_LDFLAGS=$(CGO_LDFLAGS_STATIC) \
                GOARCH=$(GOARCH) \
                go build \
                -tags netgo -ldflags $(CGO_EXTLDFLAGS_STATIC) \
                -o $(PROGRAM) ./$(PROGRAM).go

# Not a target:
/home/ylh/桌面/hello-libbpfgo/libbpf/src/libbpf_legacy.h:
#  Implicit rule search has not been done.
#  Modification time never checked.
#  File has not been updated.

# Not a target:
/home/ylh/桌面/hello-libbpfgo/libbpf/src/libbpf.c:
#  Implicit rule search has not been done.
#  Modification time never checked.
#  File has not been updated.

vmlinux.h: output
 
#  Implicit rule search has not been done.
#  Modification time never checked.
#  File has not been updated.
#  recipe to execute (from 'Makefile', line 59):
	@if [ -f $(DBGVMLINUX) ]; then \
		echo "INFO: found dbg kernel, generating $(VMLINUXH) from $(DBGVMLINUX)"; \
		$(BPFTOOL) btf dump file $(DBGVMLINUX) format c > $(VMLINUXH); \
	fi
	@if [ ! -f $(BTFFILE) ] && [ ! -f $(DBGVMLINUX) ]; then \
		echo "ERROR: kernel does not seem to support BTF"; \
		exit 1; \
	fi
	@if [ ! -f $(VMLINUXH) ]; then \
		echo "INFO: generating $(VMLINUXH) from $(BTFFILE)"; \
		$(BPFTOOL) btf dump file $(BTFFILE) format c > $(VMLINUXH); \
	fi

# Not a target:
/home/ylh/桌面/hello-libbpfgo/libbpf/src/bpf_tracing.h:
#  Implicit rule search has not been done.
#  Modification time never checked.
#  File has not been updated.

# Not a target:
/home/ylh/桌面/hello-libbpfgo/libbpf/src/nlattr.h:
#  Implicit rule search has not been done.
#  Modification time never checked.
#  File has not been updated.

# Not a target:
/home/ylh/桌面/hello-libbpfgo/libbpf/src/netlink.c:
#  Implicit rule search has not been done.
#  Modification time never checked.
#  File has not been updated.

# Not a target:
/home/ylh/桌面/hello-libbpfgo/libbpf/src/relo_core.h:
#  Implicit rule search has not been done.
#  Modification time never checked.
#  File has not been updated.

libbpf: /home/ylh/桌面/hello-libbpfgo/09-sock-statistic/output/libbpf.a
#  Phony target (prerequisite of .PHONY).
#  Implicit rule search has not been done.
#  File does not exist.
#  File has not been updated.

# Not a target:
/home/ylh/桌面/hello-libbpfgo/libbpf/src/bpf_prog_linfo.c:
#  Implicit rule search has not been done.
#  Modification time never checked.
#  File has not been updated.

# Not a target:
/home/ylh/桌面/hello-libbpfgo/libbpf/src/libbpf_errno.c:
#  Implicit rule search has not been done.
#  Modification time never checked.
#  File has not been updated.

.bpf.c:
#  Phony target (prerequisite of .PHONY).
#  Implicit rule search has not been done.
#  File does not exist.
#  File has not been updated.

# Not a target:
/home/ylh/桌面/hello-libbpfgo/libbpf/src/libbpf_common.h:
#  Implicit rule search has not been done.
#  Modification time never checked.
#  File has not been updated.

# Not a target:
/home/ylh/桌面/hello-libbpfgo/libbpf/src/libbpf_internal.h:
#  Implicit rule search has not been done.
#  Modification time never checked.
#  File has not been updated.

# Not a target:
/home/ylh/桌面/hello-libbpfgo/libbpf/src/bpf_gen_internal.h:
#  Implicit rule search has not been done.
#  Modification time never checked.
#  File has not been updated.

# Not a target:
.SUFFIXES:
#  Implicit rule search has not been done.
#  Modification time never checked.
#  File has not been updated.

.PHONY: .bpf.c vmlinuxh libbpf main
#  Implicit rule search has not been done.
#  Modification time never checked.
#  File has not been updated.

main.bpf.o: main.bpf.c | vmlinuxh
#  Implicit rule search has not been done.
#  Modification time never checked.
#  File has not been updated.
#  recipe to execute (from 'Makefile', line 102):
	$(CLANG) $(CFLAGS) -target bpf -D__TARGET_ARCH_x86 -I. -I$(OUTPUT) -c $< -o $@

# files hash-table stats:
# Load=54/1024=5%, Rehash=0, Collisions=4/129=3%
# VPATH Search Paths

# No 'vpath' search paths.

# No general ('VPATH' variable) search path.

# strcache buffers: 1 (0) / strings = 102 / storage = 2811 B / avg = 27 B
# current buf: size = 8162 B / used = 2811 B / count = 102 / avg = 27 B

# strcache performance: lookups = 148 / hit rate = 31%
# hash-table stats:
# Load=102/8192=1%, Rehash=0, Collisions=2/148=1%
# Finished Make data base on Sat May 21 08:03:20 2022

 
